SF:lib/data/user.dart
DA:9,3
DA:12,2
DA:22,4
DA:23,2
DA:24,1
DA:28,2
LF:6
LH:6
end_of_record
SF:lib/data/user.g.dart
DA:9,2
DA:10,1
DA:11,1
DA:14,2
DA:15,1
DA:16,1
LF:6
LH:6
end_of_record
SF:lib/mutations/get_user.dart
DA:8,1
DA:11,1
DA:14,3
LF:3
LH:3
end_of_record
SF:lib/mutations/set_current_index.dart
DA:7,1
DA:10,5
LF:2
LH:2
end_of_record
SF:lib/mutations/update_name.dart
DA:7,1
DA:12,1
DA:14,3
DA:15,6
LF:4
LH:4
end_of_record
SF:lib/pages/about_page.dart
DA:7,4
DA:9,2
DA:11,2
DA:12,6
DA:13,2
DA:14,10
DA:15,2
LF:7
LH:7
end_of_record
SF:lib/pages/home_page.dart
DA:10,2
DA:12,2
DA:14,2
DA:15,2
DA:16,4
DA:17,2
DA:18,2
DA:21,2
DA:25,2
DA:28,2
DA:30,2
DA:31,2
DA:32,6
DA:33,4
DA:34,2
DA:36,2
DA:37,2
DA:38,2
DA:39,2
DA:40,2
DA:43,4
DA:44,2
DA:45,4
LF:23
LH:23
end_of_record
SF:lib/pages/profile_page.dart
DA:10,2
DA:12,2
DA:14,2
DA:15,6
DA:16,2
DA:17,2
DA:19,2
DA:20,4
DA:21,4
DA:22,2
DA:23,2
DA:24,2
DA:27,2
DA:29,2
DA:30,4
DA:31,2
DA:32,4
LF:17
LH:17
end_of_record
SF:lib/pages/update_name_page.dart
DA:10,4
DA:12,2
DA:14,2
DA:16,2
DA:17,6
DA:18,2
DA:20,2
DA:27,2
DA:30,2
DA:32,1
DA:33,2
DA:34,1
DA:36,4
DA:37,2
DA:38,2
LF:15
LH:15
end_of_record
SF:lib/main.dart
DA:8,4
DA:13,1
DA:15,1
DA:17,1
DA:19,1
DA:26,1
DA:28,1
DA:29,1
DA:30,2
DA:33,1
DA:44,1
DA:45,2
LF:12
LH:12
end_of_record
